[0.016s] Invoking command in '/home/bobby/dev_ws/build/forward_command_controller': CMAKE_PREFIX_PATH=${CMAKE_PREFIX_PATH}:/home/bobby/dev_ws/install/gamepad_pkg:/opt/ros/humble /usr/bin/cmake /home/bobby/dev_ws/src/ros2_controllers/forward_command_controller -DAMENT_CMAKE_SYMLINK_INSTALL=1 -DCMAKE_INSTALL_PREFIX=/home/bobby/dev_ws/install/forward_command_controller
[0.188s] -- The CXX compiler identification is GNU 11.4.0
[0.197s] -- Detecting CXX compiler ABI info
[0.297s] -- Detecting CXX compiler ABI info - done
[0.312s] -- Check for working CXX compiler: /usr/bin/c++ - skipped
[0.312s] -- Detecting CXX compile features
[0.315s] -- Detecting CXX compile features - done
[0.315s] -- Found ament_cmake: 1.3.10 (/opt/ros/humble/share/ament_cmake/cmake)
[0.524s] -- Found Python3: /usr/bin/python3 (found version "3.10.12") found components: Interpreter 
[0.606s] -- Override CMake install command with custom implementation using symlinks instead of copying resources
[0.654s] -- Found controller_interface: 2.43.1 (/opt/ros/humble/share/controller_interface/cmake)
[0.710s] -- Found rosidl_generator_c: 3.1.5 (/opt/ros/humble/share/rosidl_generator_c/cmake)
[0.717s] -- Found rosidl_adapter: 3.1.5 (/opt/ros/humble/share/rosidl_adapter/cmake)
[0.729s] -- Found rosidl_generator_cpp: 3.1.5 (/opt/ros/humble/share/rosidl_generator_cpp/cmake)
[0.747s] -- Using all available rosidl_typesupport_c: rosidl_typesupport_fastrtps_c;rosidl_typesupport_introspection_c
[0.770s] -- Using all available rosidl_typesupport_cpp: rosidl_typesupport_fastrtps_cpp;rosidl_typesupport_introspection_cpp
[1.051s] -- Found rmw_implementation_cmake: 6.1.2 (/opt/ros/humble/share/rmw_implementation_cmake/cmake)
[1.052s] -- Found rmw_fastrtps_cpp: 6.2.7 (/opt/ros/humble/share/rmw_fastrtps_cpp/cmake)
[1.083s] -- Found TinyXML2 via Config file: TinyXML2_DIR-NOTFOUND
[1.145s] -- Found OpenSSL: /usr/lib/x86_64-linux-gnu/libcrypto.so (found version "3.0.2")  
[1.150s] -- Found TinyXML2 via Config file: TinyXML2_DIR-NOTFOUND
[1.172s] -- Found FastRTPS: /opt/ros/humble/include  
[1.172s] -- Found TinyXML2 via Config file: TinyXML2_DIR-NOTFOUND
[1.197s] -- Found TinyXML2 via Config file: TinyXML2_DIR-NOTFOUND
[1.209s] -- Using RMW implementation 'rmw_fastrtps_cpp' as default
[1.220s] -- Looking for C++ include pthread.h
[1.327s] -- Looking for C++ include pthread.h - found
[1.327s] -- Performing Test CMAKE_HAVE_LIBC_PTHREAD
[1.455s] -- Performing Test CMAKE_HAVE_LIBC_PTHREAD - Success
[1.455s] -- Found Threads: TRUE  
[1.538s] -- Found generate_parameter_library: 0.3.8 (/opt/ros/humble/share/generate_parameter_library/cmake)
[1.541s] -- Found parameter_traits: 0.3.8 (/opt/ros/humble/share/parameter_traits/cmake)
[1.563s] -- Found realtime_tools: 2.6.0 (/opt/ros/humble/share/realtime_tools/cmake)
[1.596s] -- Found ament_cmake_gmock: 1.3.10 (/opt/ros/humble/share/ament_cmake_gmock/cmake)
[1.599s] -- Found controller_manager: 2.43.1 (/opt/ros/humble/share/controller_manager/cmake)
[1.639s] -- Found ros2_control_test_assets: 2.43.1 (/opt/ros/humble/share/ros2_control_test_assets/cmake)
[1.644s] -- Found gmock sources under '/opt/ros/humble/src/gmock_vendor': C++ tests using 'Google Mock' will be built
[1.735s] -- The C compiler identification is GNU 11.4.0
[1.746s] -- Detecting C compiler ABI info
[1.837s] -- Detecting C compiler ABI info - done
[1.849s] -- Check for working C compiler: /usr/bin/cc - skipped
[1.850s] -- Detecting C compile features
[1.851s] -- Detecting C compile features - done
[1.857s] -- Found ament_cmake_gtest: 1.3.10 (/opt/ros/humble/share/ament_cmake_gtest/cmake)
[1.860s] -- Found gtest sources under '/opt/ros/humble/src/gtest_vendor': C++ tests using 'Google Test' will be built
[2.022s] -- Configuring done
[2.220s] -- Generating done
[2.229s] -- Build files have been written to: /home/bobby/dev_ws/build/forward_command_controller
[2.258s] Invoked command in '/home/bobby/dev_ws/build/forward_command_controller' returned '0': CMAKE_PREFIX_PATH=${CMAKE_PREFIX_PATH}:/home/bobby/dev_ws/install/gamepad_pkg:/opt/ros/humble /usr/bin/cmake /home/bobby/dev_ws/src/ros2_controllers/forward_command_controller -DAMENT_CMAKE_SYMLINK_INSTALL=1 -DCMAKE_INSTALL_PREFIX=/home/bobby/dev_ws/install/forward_command_controller
[2.258s] Invoking command in '/home/bobby/dev_ws/build/forward_command_controller': CMAKE_PREFIX_PATH=${CMAKE_PREFIX_PATH}:/home/bobby/dev_ws/install/gamepad_pkg:/opt/ros/humble /usr/bin/cmake --build /home/bobby/dev_ws/build/forward_command_controller -- -j4 -l4
[2.371s] [  5%] [32mBuilding CXX object gmock/CMakeFiles/gmock.dir/opt/ros/humble/src/gtest_vendor/src/gtest-all.cc.o[0m
[2.393s] [ 10%] [34m[1mRunning `/opt/ros/humble/bin/generate_parameter_library_cpp /home/bobby/dev_ws/build/forward_command_controller/multi_interface_forward_command_controller_parameters/include//multi_interface_forward_command_controller_parameters.hpp /home/bobby/dev_ws/src/ros2_controllers/forward_command_controller/src/multi_interface_forward_command_controller_parameters.yaml `[0m
[2.403s] [ 21%] [32mBuilding CXX object gmock/CMakeFiles/gmock_main.dir/src/gmock_main.cc.o[0m
[2.404s] [ 15%] [34m[1mRunning `/opt/ros/humble/bin/generate_parameter_library_cpp /home/bobby/dev_ws/build/forward_command_controller/forward_command_controller_parameters/include//forward_command_controller_parameters.hpp /home/bobby/dev_ws/src/ros2_controllers/forward_command_controller/src/forward_command_controller_parameters.yaml `[0m
[2.934s] [ 21%] Built target multi_interface_forward_command_controller_parameters
[2.961s] [ 26%] [32mBuilding CXX object gmock/CMakeFiles/gmock.dir/src/gmock-all.cc.o[0m
[3.314s] [ 26%] Built target forward_command_controller_parameters
[3.419s] [ 31%] [32mBuilding CXX object CMakeFiles/forward_command_controller.dir/src/forward_controllers_base.cpp.o[0m
[11.328s] [ 36%] [32m[1mLinking CXX static library libgmock_main.a[0m
[11.488s] [ 36%] Built target gmock_main
[15.844s] [ 42%] [32m[1mLinking CXX static library libgmock.a[0m
[15.961s] [ 42%] Built target gmock
[23.297s] [01m[Kcc1plus:[m[K [01;31m[Kfatal error: [m[K/home/bobby/dev_ws/src/ros2_controllers/forward_command_controller/src/multi_interface_forward_command_controller.cpp: No such file or directory
[23.299s] compilation terminated.
[23.300s] gmake[2]: *** [CMakeFiles/forward_command_controller.dir/build.make:104: CMakeFiles/forward_command_controller.dir/src/multi_interface_forward_command_controller.cpp.o] Error 1
[23.300s] gmake[1]: *** [CMakeFiles/Makefile2:239: CMakeFiles/forward_command_controller.dir/all] Error 2
[23.301s] gmake: *** [Makefile:146: all] Error 2
[23.301s] [ 47%] [32mBuilding CXX object CMakeFiles/forward_command_controller.dir/src/multi_interface_forward_command_controller.cpp.o[0m
